0 info it worked if it ends with ok
1 verbose cli [ '/usr/bin/node', '/usr/bin/npm', 'publish' ]
2 info using npm@1.4.3
3 info using node@v0.10.26
4 verbose publish [ '.' ]
5 verbose cache add [ '.', null ]
6 verbose cache add name=undefined spec="." args=[".",null]
7 verbose parsed url { protocol: null,
7 verbose parsed url   slashes: null,
7 verbose parsed url   auth: null,
7 verbose parsed url   host: null,
7 verbose parsed url   port: null,
7 verbose parsed url   hostname: null,
7 verbose parsed url   hash: null,
7 verbose parsed url   search: null,
7 verbose parsed url   query: null,
7 verbose parsed url   pathname: '.',
7 verbose parsed url   path: '.',
7 verbose parsed url   href: '.' }
8 silly lockFile 3a52ce78- .
9 verbose lock . /home/ono/.npm/3a52ce78-.lock
10 verbose tar pack [ '/home/ono/tmp/npm-3078-KtCsMXBZ/1394453812343-0.4213183338288218/tmp.tgz',
10 verbose tar pack   '.' ]
11 verbose tarball /home/ono/tmp/npm-3078-KtCsMXBZ/1394453812343-0.4213183338288218/tmp.tgz
12 verbose folder .
13 info prepublish metismenu@1.0.0
14 silly lockFile 1f1177db-tar tar://.
15 verbose lock tar://. /home/ono/.npm/1f1177db-tar.lock
16 silly lockFile 27b84ff3-12343-0-4213183338288218-tmp-tgz tar:///home/ono/tmp/npm-3078-KtCsMXBZ/1394453812343-0.4213183338288218/tmp.tgz
17 verbose lock tar:///home/ono/tmp/npm-3078-KtCsMXBZ/1394453812343-0.4213183338288218/tmp.tgz /home/ono/.npm/27b84ff3-12343-0-4213183338288218-tmp-tgz.lock
18 silly lockFile 1f1177db-tar tar://.
19 silly lockFile 1f1177db-tar tar://.
20 silly lockFile 27b84ff3-12343-0-4213183338288218-tmp-tgz tar:///home/ono/tmp/npm-3078-KtCsMXBZ/1394453812343-0.4213183338288218/tmp.tgz
21 silly lockFile 27b84ff3-12343-0-4213183338288218-tmp-tgz tar:///home/ono/tmp/npm-3078-KtCsMXBZ/1394453812343-0.4213183338288218/tmp.tgz
22 verbose tar unpack /home/ono/tmp/npm-3078-KtCsMXBZ/1394453812343-0.4213183338288218/tmp.tgz
23 silly lockFile ba5f07cf-12343-0-4213183338288218-package tar:///home/ono/tmp/npm-3078-KtCsMXBZ/1394453812343-0.4213183338288218/package
24 verbose lock tar:///home/ono/tmp/npm-3078-KtCsMXBZ/1394453812343-0.4213183338288218/package /home/ono/.npm/ba5f07cf-12343-0-4213183338288218-package.lock
25 silly lockFile 27b84ff3-12343-0-4213183338288218-tmp-tgz tar:///home/ono/tmp/npm-3078-KtCsMXBZ/1394453812343-0.4213183338288218/tmp.tgz
26 verbose lock tar:///home/ono/tmp/npm-3078-KtCsMXBZ/1394453812343-0.4213183338288218/tmp.tgz /home/ono/.npm/27b84ff3-12343-0-4213183338288218-tmp-tgz.lock
27 silly gunzTarPerm modes [ '755', '644' ]
28 silly gunzTarPerm extractEntry package.json
29 silly gunzTarPerm extractEntry README.md
30 silly gunzTarPerm extractEntry LICENSE
31 silly gunzTarPerm extractEntry jquery.metisMenu.js
32 silly gunzTarPerm extractEntry .travis.yml
33 silly gunzTarPerm extractEntry bower.json
34 silly gunzTarPerm extractEntry index.html
35 silly lockFile ba5f07cf-12343-0-4213183338288218-package tar:///home/ono/tmp/npm-3078-KtCsMXBZ/1394453812343-0.4213183338288218/package
36 silly lockFile ba5f07cf-12343-0-4213183338288218-package tar:///home/ono/tmp/npm-3078-KtCsMXBZ/1394453812343-0.4213183338288218/package
37 silly lockFile 27b84ff3-12343-0-4213183338288218-tmp-tgz tar:///home/ono/tmp/npm-3078-KtCsMXBZ/1394453812343-0.4213183338288218/tmp.tgz
38 silly lockFile 27b84ff3-12343-0-4213183338288218-tmp-tgz tar:///home/ono/tmp/npm-3078-KtCsMXBZ/1394453812343-0.4213183338288218/tmp.tgz
39 verbose tar pack [ '/home/ono/.npm/metismenu/1.0.0/package.tgz',
39 verbose tar pack   '/home/ono/tmp/npm-3078-KtCsMXBZ/1394453812343-0.4213183338288218/package' ]
40 verbose tarball /home/ono/.npm/metismenu/1.0.0/package.tgz
41 verbose folder /home/ono/tmp/npm-3078-KtCsMXBZ/1394453812343-0.4213183338288218/package
42 silly lockFile ba5f07cf-12343-0-4213183338288218-package tar:///home/ono/tmp/npm-3078-KtCsMXBZ/1394453812343-0.4213183338288218/package
43 verbose lock tar:///home/ono/tmp/npm-3078-KtCsMXBZ/1394453812343-0.4213183338288218/package /home/ono/.npm/ba5f07cf-12343-0-4213183338288218-package.lock
44 silly lockFile d1344466--npm-metismenu-1-0-0-package-tgz tar:///home/ono/.npm/metismenu/1.0.0/package.tgz
45 verbose lock tar:///home/ono/.npm/metismenu/1.0.0/package.tgz /home/ono/.npm/d1344466--npm-metismenu-1-0-0-package-tgz.lock
46 silly lockFile ba5f07cf-12343-0-4213183338288218-package tar:///home/ono/tmp/npm-3078-KtCsMXBZ/1394453812343-0.4213183338288218/package
47 silly lockFile ba5f07cf-12343-0-4213183338288218-package tar:///home/ono/tmp/npm-3078-KtCsMXBZ/1394453812343-0.4213183338288218/package
48 silly lockFile d1344466--npm-metismenu-1-0-0-package-tgz tar:///home/ono/.npm/metismenu/1.0.0/package.tgz
49 silly lockFile d1344466--npm-metismenu-1-0-0-package-tgz tar:///home/ono/.npm/metismenu/1.0.0/package.tgz
50 silly lockFile 1a735f9b--ono-npm-metismenu-1-0-0-package /home/ono/.npm/metismenu/1.0.0/package
51 verbose lock /home/ono/.npm/metismenu/1.0.0/package /home/ono/.npm/1a735f9b--ono-npm-metismenu-1-0-0-package.lock
52 silly lockFile 1a735f9b--ono-npm-metismenu-1-0-0-package /home/ono/.npm/metismenu/1.0.0/package
53 silly lockFile 1a735f9b--ono-npm-metismenu-1-0-0-package /home/ono/.npm/metismenu/1.0.0/package
54 verbose tar unpack /home/ono/.npm/metismenu/1.0.0/package.tgz
55 silly lockFile 3397eac4--ono-npm-metismenu-1-0-0-package tar:///home/ono/.npm/metismenu/1.0.0/package
56 verbose lock tar:///home/ono/.npm/metismenu/1.0.0/package /home/ono/.npm/3397eac4--ono-npm-metismenu-1-0-0-package.lock
57 silly lockFile d1344466--npm-metismenu-1-0-0-package-tgz tar:///home/ono/.npm/metismenu/1.0.0/package.tgz
58 verbose lock tar:///home/ono/.npm/metismenu/1.0.0/package.tgz /home/ono/.npm/d1344466--npm-metismenu-1-0-0-package-tgz.lock
59 silly gunzTarPerm modes [ '755', '644' ]
60 silly gunzTarPerm extractEntry package.json
61 silly gunzTarPerm extractEntry README.md
62 silly gunzTarPerm extractEntry LICENSE
63 silly gunzTarPerm extractEntry jquery.metisMenu.js
64 silly gunzTarPerm extractEntry .travis.yml
65 silly gunzTarPerm extractEntry bower.json
66 silly gunzTarPerm extractEntry index.html
67 silly lockFile 3397eac4--ono-npm-metismenu-1-0-0-package tar:///home/ono/.npm/metismenu/1.0.0/package
68 silly lockFile 3397eac4--ono-npm-metismenu-1-0-0-package tar:///home/ono/.npm/metismenu/1.0.0/package
69 silly lockFile d1344466--npm-metismenu-1-0-0-package-tgz tar:///home/ono/.npm/metismenu/1.0.0/package.tgz
70 silly lockFile d1344466--npm-metismenu-1-0-0-package-tgz tar:///home/ono/.npm/metismenu/1.0.0/package.tgz
71 verbose chmod /home/ono/.npm/metismenu/1.0.0/package.tgz 644
72 verbose chown /home/ono/.npm/metismenu/1.0.0/package.tgz [ 1000, 100 ]
73 silly lockFile 3a52ce78- .
74 silly lockFile 3a52ce78- .
75 silly publish { name: 'metismenu',
75 silly publish   version: '1.0.0',
75 silly publish   description: 'Easy menu jQuery plugin for Twitter Bootstrap 3',
75 silly publish   main: 'jquery.metisMenu.js',
75 silly publish   scripts: { test: 'echo "Error: no test specified" && exit 1' },
75 silly publish   repository:
75 silly publish    { type: 'git',
75 silly publish      url: 'https://github.com/onokumus/metisMenu.git' },
75 silly publish   keywords:
75 silly publish    [ 'twitter',
75 silly publish      'bootstrap',
75 silly publish      'twbs',
75 silly publish      'jquery',
75 silly publish      'menu',
75 silly publish      'accordion',
75 silly publish      'toggle',
75 silly publish      'metis',
75 silly publish      'metisMenu' ],
75 silly publish   author:
75 silly publish    { name: 'Osman Nuri Okumuş',
75 silly publish      email: 'onokumus@gmail.com',
75 silly publish      url: 'http://onokumus.com/' },
75 silly publish   license: 'MIT',
75 silly publish   bugs: { url: 'https://github.com/onokumus/metisMenu/issues' },
75 silly publish   homepage: 'https://github.com/onokumus/metisMenu',
75 silly publish   readme: '# metisMenu [![Build Status](https://secure.travis-ci.org/onokumus/metisMenu.png?branch=master)](https://travis-ci.org/onokumus/metisMenu)\n\n> Easy menu jQuery plugin for Twitter Bootstrap 3\n\n## Usage\n\n1. Include jQuery\n\n    ```html\n    <script src="http://ajax.googleapis.com/ajax/libs/jquery/2.1.0/jquery.min.js"></script>\n    ```\n\n2. Include Twitter Bootstrap\n\n    ```html\n    <script src="//netdna.bootstrapcdn.com/bootstrap/3.1.1/js/bootstrap.min.js"></script>\n    ```\n\n3. Include metisMenu plugin\'s code\n\n    ```html\n    <script src="jquery.metisMenu.js"></script>\n    ```\n\n4. Call the plugin:\n\n    ```javascript\n    $("#menu").metisMenu();\n    ```\n\n#### [demo](http://onokumus.github.io/metisMenu/)\n\nContains a simple HTML file to demonstrate metisMenu plugin.\n\n## Author\n\nmetisMenu was made with love by these guys and a bunch of awesome [contributors](https://github.com/onokumus/metisMenu/graphs/contributors).\n\n[![Osman Nuri Okumuş](https://0.gravatar.com/avatar/4fa374411129d6f574c33e4753ec402e?s=70)](http://onokumus.com) |\n--- | --- | --- | --- | --- | --- | ---\n[Osman Nuri Okumuş](http://onokumus.com) |\n\n\n## License\n\n[MIT License](https://github.com/onokumus/metisMenu/blob/master/LICENSE)',
75 silly publish   readmeFilename: 'README.md',
75 silly publish   _id: 'metismenu@1.0.0',
75 silly publish   dist: { shasum: '04b5e12998d9fb8d1815a62e9507f65a1e1460b8' },
75 silly publish   _from: '.' }
76 verbose url raw metismenu
77 verbose url resolving [ 'https://registry.npmjs.org/', './metismenu' ]
78 verbose url resolved https://registry.npmjs.org/metismenu
79 info trying registry request attempt 1 at 14:16:52
80 http PUT https://registry.npmjs.org/metismenu
81 http 403 https://registry.npmjs.org/metismenu
82 error publish Failed PUT 403
83 error Error: forbidden cannot modify pre-existing version: 1.0.0
83 error old={"name":"metismenu","version":"1.0.0","description":"Easy menu jQuery plugin for Twitter Bootstrap 3","main":"jquery.metisMenu.js","scripts":{"test":"echo \"Error: no test specified\" && exit 1"},"repository":{"type":"git","url":"https://github.com/onokumus/metisMenu.git"},"keywords":["twitter","bootstrap","twbs","jquery","menu","accordion","toggle","metis","metisMenu"],"author":{"name":"Osman Nuri Okumuş","email":"onokumus@gmail.com","url":"http://onokumus.com/"},"license":"MIT","bugs":{"url":"https://github.com/onokumus/metisMenu/issues"},"homepage":"https://github.com/onokumus/metisMenu","_id":"metismenu@1.0.0","dist":{"shasum":"189265aa40f0d6766bf42376cd004cadc8551dee","tarball":"http://registry.npmjs.org/metismenu/-/metismenu-1.0.0.tgz"},"_from":".","_npmVersion":"1.4.3","_npmUser":{"name":"onokumus","email":"onokumus@gmail.com"},"maintainers":[{"name":"onokumus","email":"onokumus@gmail.com"}]}
83 error new={"name":"metismenu","version":"1.0.0","description":"Easy menu jQuery plugin for Twitter Bootstrap 3","main":"jquery.metisMenu.js","scripts":{"test":"echo \"Error: no test specified\" && exit 1"},"repository":{"type":"git","url":"https://github.com/onokumus/metisMenu.git"},"keywords":["twitter","bootstrap","twbs","jquery","menu","accordion","toggle","metis","metisMenu"],"author":{"name":"Osman Nuri Okumuş","email":"onokumus@gmail.com","url":"http://onokumus.com/"},"license":"MIT","bugs":{"url":"https://github.com/onokumus/metisMenu/issues"},"homepage":"https://github.com/onokumus/metisMenu","readme":"# metisMenu [![Build Status](https://secure.travis-ci.org/onokumus/metisMenu.png?branch=master)](https://travis-ci.org/onokumus/metisMenu)\u000a\u000a> Easy menu jQuery plugin for Twitter Bootstrap 3\u000a\u000a## Usage\u000a\u000a1. Include jQuery\u000a\u000a    ```html\u000a    <script src=\"http://ajax.googleapis.com/ajax/libs/jquery/2.1.0/jquery.min.js\"></script>\u000a    ```\u000a\u000a2. Include Twitter Bootstrap\u000a\u000a    ```html\u000a    <script src=\"//netdna.bootstrapcdn.com/bootstrap/3.1.1/js/bootstrap.min.js\"></script>\u000a    ```\u000a\u000a3. Include metisMenu plugin's code\u000a\u000a    ```html\u000a    <script src=\"jquery.metisMenu.js\"></script>\u000a    ```\u000a\u000a4. Call the plugin:\u000a\u000a    ```javascript\u000a    $(\"#menu\").metisMenu();\u000a    ```\u000a\u000a#### [demo](http://onokumus.github.io/metisMenu/)\u000a\u000aContains a simple HTML file to demonstrate metisMenu plugin.\u000a\u000a## Author\u000a\u000ametisMenu was made with love by these guys and a bunch of awesome [contributors](https://github.com/onokumus/metisMenu/graphs/contributors).\u000a\u000a[![Osman Nuri Okumuş](https://0.gravatar.com/avatar/4fa374411129d6f574c33e4753ec402e?s=70)](http://onokumus.com) |\u000a--- | --- | --- | --- | --- | --- | ---\u000a[Osman Nuri Okumuş](http://onokumus.com) |\u000a\u000a\u000a## License\u000a\u000a[MIT License](https://github.com/onokumus/metisMenu/blob/master/LICENSE)","readmeFilename":"README.md","_id":"metismenu@1.0.0","dist":{"shasum":"04b5e12998d9fb8d1815a62e9507f65a1e1460b8","tarball":"http://registry.npmjs.org/metismenu/-/metismenu-1.0.0.tgz"},"_from":".","_npmVersion":"1.4.3","_npmUser":{"name":"onokumus","email":"onokumus@gmail.com"},"maintainers":[{"name":"onokumus","email":"onokumus@gmail.com"}]}: metismenu
83 error     at RegClient.<anonymous> (/usr/lib/node_modules/npm/node_modules/npm-registry-client/lib/request.js:237:14)
83 error     at Request.self.callback (/usr/lib/node_modules/npm/node_modules/request/request.js:123:22)
83 error     at Request.EventEmitter.emit (events.js:98:17)
83 error     at Request.<anonymous> (/usr/lib/node_modules/npm/node_modules/request/request.js:893:14)
83 error     at Request.EventEmitter.emit (events.js:117:20)
83 error     at IncomingMessage.<anonymous> (/usr/lib/node_modules/npm/node_modules/request/request.js:844:12)
83 error     at IncomingMessage.EventEmitter.emit (events.js:117:20)
83 error     at _stream_readable.js:920:16
83 error     at process._tickCallback (node.js:415:13)
84 error If you need help, you may report this *entire* log,
84 error including the npm and node versions, at:
84 error     <http://github.com/npm/npm/issues>
85 error System Linux 3.13.6-1-ARCH
86 error command "/usr/bin/node" "/usr/bin/npm" "publish"
87 error cwd /home/ono/github/metisMenu
88 error node -v v0.10.26
89 error npm -v 1.4.3
90 verbose exit [ 1, true ]
